<?xml version="1.0" encoding="UTF-8"?>
<!-- Generated by org.testng.reporters.JUnitXMLReporter -->
<testsuite ignored="16" hostname="BestInTheWorld" failures="0" tests="4" name="Test" time="9.727" errors="0" timestamp="2023-07-07T08:50:48 IST">
  <testcase classname="maven_01.AnnotationstenstNG" name="test2" time="0.008"/>
  <testcase classname="maven_01.Class_01" name="close" time="0.009"/>
  <testcase classname="maven_01.Parameter" name="Parameter01" time="0.388"/>
  <testcase classname="maven_01.Parameter" name="enterDetails" time="2.746"/>
  <testcase classname="maven_01.TestNG_3" name="close" time="0.0">
    <ignored/>
  </testcase> <!-- close -->
  <testcase classname="maven_01.TestNG_3" name="zzz" time="0.0">
    <ignored/>
  </testcase> <!-- zzz -->
  <testcase classname="maven_01.Testcase" name="testcase1" time="0.0">
    <ignored/>
  </testcase> <!-- testcase1 -->
  <testcase classname="maven_01.Class_01" name="openURL" time="0.0">
    <ignored/>
  </testcase> <!-- openURL -->
  <testcase classname="maven_01.AnnotationstenstNG" name="test1" time="0.0">
    <ignored/>
  </testcase> <!-- test1 -->
  <testcase classname="maven_01.TestNG_3" name="launch" time="0.0">
    <ignored/>
  </testcase> <!-- launch -->
  <testcase classname="maven_01.Class_01" name="lauchBrowser" time="0.0">
    <ignored/>
  </testcase> <!-- lauchBrowser -->
  <testcase classname="maven_01.Testng_02" name="method1" time="0.0">
    <ignored/>
  </testcase> <!-- method1 -->
  <testcase classname="maven_01.TestNG_3" name="open" time="0.0">
    <ignored/>
  </testcase> <!-- open -->
  <testcase classname="maven_01.Testng_02" name="method4" time="0.0">
    <ignored/>
  </testcase> <!-- method4 -->
  <testcase classname="maven_01.Testng_02" name="method3" time="0.0">
    <ignored/>
  </testcase> <!-- method3 -->
  <testcase classname="maven_01.DataProvider" name="enterDetails" time="0.0">
    <ignored/>
  </testcase> <!-- enterDetails -->
  <testcase classname="maven_01.Testcase" name="testcase2" time="0.0">
    <ignored/>
  </testcase> <!-- testcase2 -->
  <testcase classname="maven_01.Testng_02" name="method5" time="0.0">
    <ignored/>
  </testcase> <!-- method5 -->
  <testcase classname="maven_01.Testcase" name="testcase3" time="0.0">
    <ignored/>
  </testcase> <!-- testcase3 -->
  <testcase classname="maven_01.Testng_02" name="method2" time="0.0">
    <ignored/>
  </testcase> <!-- method2 -->
</testsuite> <!-- Test -->
