<?xml version="1.0" encoding="UTF-8"?>
<!-- Generated by org.testng.reporters.JUnitXMLReporter -->
<testsuite ignored="0" hostname="BestInTheWorld" failures="0" tests="12" name="Surefire test" time="38.659" errors="0" timestamp="2023-07-16T20:14:14 IST">
  <testcase classname="maven_01.Testcase" name="testcase1" time="1.011"/>
  <testcase classname="maven_01.Testcase" name="testcase2" time="0.323"/>
  <testcase classname="maven_01.Testcase" name="testcase3" time="0.49"/>
  <testcase classname="maven_01.Testng_02" name="method1" time="0.0"/>
  <testcase classname="maven_01.Testng_02" name="method2" time="0.0"/>
  <testcase classname="maven_01.Testng_02" name="method3" time="0.001"/>
  <testcase classname="maven_01.Testng_02" name="method4" time="0.0"/>
  <testcase classname="maven_01.Testng_02" name="method5" time="0.001"/>
  <testcase classname="maven_01.TestNG_3" name="launch" time="0.001"/>
  <testcase classname="maven_01.TestNG_3" name="close" time="0.0"/>
  <testcase classname="maven_01.TestNG_3" name="zzz" time="0.001"/>
  <testcase classname="maven_01.TestNG_3" name="open" time="0.0"/>
</testsuite> <!-- Surefire test -->
