<?xml version="1.0" encoding="UTF-8"?>
<testng-results ignored="0" total="12" passed="12" failed="0" skipped="0">
  <reporter-output>
  </reporter-output>
  <suite started-at="2023-07-16T20:13:36 IST" name="Surefire suite" finished-at="2023-07-16T20:14:14 IST" duration-ms="38659">
    <groups>
      <group name="Sanity">
        <method signature="Testcase.testcase1()[pri:0, instance:maven_01.Testcase@5be6e01c]" name="testcase1" class="maven_01.Testcase"/>
        <method signature="Testcase.testcase2()[pri:0, instance:maven_01.Testcase@5be6e01c]" name="testcase2" class="maven_01.Testcase"/>
        <method signature="Testcase.testcase3()[pri:0, instance:maven_01.Testcase@5be6e01c]" name="testcase3" class="maven_01.Testcase"/>
        <method signature="Testng_02.method2()[pri:0, instance:maven_01.Testng_02@9353778]" name="method2" class="maven_01.Testng_02"/>
      </group> <!-- Sanity -->
      <group name="Regression">
        <method signature="Testcase.testcase1()[pri:0, instance:maven_01.Testcase@5be6e01c]" name="testcase1" class="maven_01.Testcase"/>
      </group> <!-- Regression -->
    </groups>
    <test started-at="2023-07-16T20:13:36 IST" name="Surefire test" finished-at="2023-07-16T20:14:14 IST" duration-ms="38659">
      <class name="maven_01.TestNG_3">
        <test-method signature="launch()[pri:0, instance:maven_01.TestNG_3@1700915]" started-at="2023-07-16T20:14:14 IST" name="launch" finished-at="2023-07-16T20:14:14 IST" duration-ms="1" status="PASS">
          <reporter-output>
          </reporter-output>
        </test-method> <!-- launch -->
        <test-method signature="close()[pri:0, instance:maven_01.TestNG_3@1700915]" started-at="2023-07-16T20:14:14 IST" name="close" finished-at="2023-07-16T20:14:14 IST" duration-ms="0" status="PASS">
          <reporter-output>
          </reporter-output>
        </test-method> <!-- close -->
        <test-method signature="zzz()[pri:0, instance:maven_01.TestNG_3@1700915]" started-at="2023-07-16T20:14:14 IST" name="zzz" finished-at="2023-07-16T20:14:14 IST" duration-ms="1" status="PASS">
          <reporter-output>
          </reporter-output>
        </test-method> <!-- zzz -->
        <test-method signature="open()[pri:0, instance:maven_01.TestNG_3@1700915]" started-at="2023-07-16T20:14:14 IST" name="open" finished-at="2023-07-16T20:14:14 IST" depends-on-methods="maven_01.TestNG_3.launch" duration-ms="0" status="PASS">
          <reporter-output>
          </reporter-output>
        </test-method> <!-- open -->
      </class> <!-- maven_01.TestNG_3 -->
      <class name="maven_01.Testcase">
        <test-method is-config="true" signature="BrowserLaunch()[pri:0, instance:maven_01.Testcase@5be6e01c]" started-at="2023-07-16T20:13:36 IST" name="BrowserLaunch" finished-at="2023-07-16T20:13:44 IST" duration-ms="7728" status="PASS">
          <reporter-output>
          </reporter-output>
        </test-method> <!-- BrowserLaunch -->
        <test-method signature="testcase1()[pri:0, instance:maven_01.Testcase@5be6e01c]" started-at="2023-07-16T20:13:44 IST" name="testcase1" finished-at="2023-07-16T20:13:45 IST" duration-ms="1011" status="PASS">
          <reporter-output>
          </reporter-output>
        </test-method> <!-- testcase1 -->
        <test-method is-config="true" signature="closeTheBrowser()[pri:0, instance:maven_01.Testcase@5be6e01c]" started-at="2023-07-16T20:13:45 IST" name="closeTheBrowser" finished-at="2023-07-16T20:13:50 IST" duration-ms="5131" status="PASS">
          <reporter-output>
          </reporter-output>
        </test-method> <!-- closeTheBrowser -->
        <test-method is-config="true" signature="BrowserLaunch()[pri:0, instance:maven_01.Testcase@5be6e01c]" started-at="2023-07-16T20:13:50 IST" name="BrowserLaunch" finished-at="2023-07-16T20:13:57 IST" duration-ms="6996" status="PASS">
          <reporter-output>
          </reporter-output>
        </test-method> <!-- BrowserLaunch -->
        <test-method signature="testcase2()[pri:0, instance:maven_01.Testcase@5be6e01c]" started-at="2023-07-16T20:13:57 IST" name="testcase2" finished-at="2023-07-16T20:13:57 IST" duration-ms="323" status="PASS">
          <reporter-output>
          </reporter-output>
        </test-method> <!-- testcase2 -->
        <test-method is-config="true" signature="closeTheBrowser()[pri:0, instance:maven_01.Testcase@5be6e01c]" started-at="2023-07-16T20:13:57 IST" name="closeTheBrowser" finished-at="2023-07-16T20:14:02 IST" duration-ms="5115" status="PASS">
          <reporter-output>
          </reporter-output>
        </test-method> <!-- closeTheBrowser -->
        <test-method is-config="true" signature="BrowserLaunch()[pri:0, instance:maven_01.Testcase@5be6e01c]" started-at="2023-07-16T20:14:02 IST" name="BrowserLaunch" finished-at="2023-07-16T20:14:09 IST" duration-ms="6723" status="PASS">
          <reporter-output>
          </reporter-output>
        </test-method> <!-- BrowserLaunch -->
        <test-method signature="testcase3()[pri:0, instance:maven_01.Testcase@5be6e01c]" started-at="2023-07-16T20:14:09 IST" name="testcase3" finished-at="2023-07-16T20:14:09 IST" duration-ms="490" status="PASS">
          <reporter-output>
          </reporter-output>
        </test-method> <!-- testcase3 -->
        <test-method is-config="true" signature="closeTheBrowser()[pri:0, instance:maven_01.Testcase@5be6e01c]" started-at="2023-07-16T20:14:09 IST" name="closeTheBrowser" finished-at="2023-07-16T20:14:14 IST" duration-ms="5066" status="PASS">
          <reporter-output>
          </reporter-output>
        </test-method> <!-- closeTheBrowser -->
      </class> <!-- maven_01.Testcase -->
      <class name="maven_01.Testng_02">
        <test-method is-config="true" signature="before()[pri:0, instance:maven_01.Testng_02@9353778]" started-at="2023-07-16T20:14:14 IST" name="before" finished-at="2023-07-16T20:14:14 IST" duration-ms="0" status="PASS">
          <reporter-output>
          </reporter-output>
        </test-method> <!-- before -->
        <test-method signature="method1()[pri:0, instance:maven_01.Testng_02@9353778]" started-at="2023-07-16T20:14:14 IST" name="method1" finished-at="2023-07-16T20:14:14 IST" duration-ms="0" status="PASS">
          <reporter-output>
          </reporter-output>
        </test-method> <!-- method1 -->
        <test-method is-config="true" signature="after()[pri:0, instance:maven_01.Testng_02@9353778]" started-at="2023-07-16T20:14:14 IST" name="after" finished-at="2023-07-16T20:14:14 IST" duration-ms="1" status="PASS">
          <reporter-output>
          </reporter-output>
        </test-method> <!-- after -->
        <test-method is-config="true" signature="before()[pri:0, instance:maven_01.Testng_02@9353778]" started-at="2023-07-16T20:14:14 IST" name="before" finished-at="2023-07-16T20:14:14 IST" duration-ms="1" status="PASS">
          <reporter-output>
          </reporter-output>
        </test-method> <!-- before -->
        <test-method signature="method2()[pri:0, instance:maven_01.Testng_02@9353778]" started-at="2023-07-16T20:14:14 IST" name="method2" finished-at="2023-07-16T20:14:14 IST" duration-ms="0" status="PASS">
          <reporter-output>
          </reporter-output>
        </test-method> <!-- method2 -->
        <test-method is-config="true" signature="after()[pri:0, instance:maven_01.Testng_02@9353778]" started-at="2023-07-16T20:14:14 IST" name="after" finished-at="2023-07-16T20:14:14 IST" duration-ms="0" status="PASS">
          <reporter-output>
          </reporter-output>
        </test-method> <!-- after -->
        <test-method signature="method3()[pri:0, instance:maven_01.Testng_02@9353778]" started-at="2023-07-16T20:14:14 IST" name="method3" finished-at="2023-07-16T20:14:14 IST" duration-ms="1" status="PASS">
          <reporter-output>
          </reporter-output>
        </test-method> <!-- method3 -->
        <test-method is-config="true" signature="before()[pri:0, instance:maven_01.Testng_02@9353778]" started-at="2023-07-16T20:14:14 IST" name="before" finished-at="2023-07-16T20:14:14 IST" duration-ms="0" status="PASS">
          <reporter-output>
          </reporter-output>
        </test-method> <!-- before -->
        <test-method is-config="true" signature="after()[pri:0, instance:maven_01.Testng_02@9353778]" started-at="2023-07-16T20:14:14 IST" name="after" finished-at="2023-07-16T20:14:14 IST" duration-ms="1" status="PASS">
          <reporter-output>
          </reporter-output>
        </test-method> <!-- after -->
        <test-method is-config="true" signature="before()[pri:0, instance:maven_01.Testng_02@9353778]" started-at="2023-07-16T20:14:14 IST" name="before" finished-at="2023-07-16T20:14:14 IST" duration-ms="1" status="PASS">
          <reporter-output>
          </reporter-output>
        </test-method> <!-- before -->
        <test-method signature="method4()[pri:0, instance:maven_01.Testng_02@9353778]" started-at="2023-07-16T20:14:14 IST" name="method4" finished-at="2023-07-16T20:14:14 IST" duration-ms="0" status="PASS">
          <reporter-output>
          </reporter-output>
        </test-method> <!-- method4 -->
        <test-method is-config="true" signature="after()[pri:0, instance:maven_01.Testng_02@9353778]" started-at="2023-07-16T20:14:14 IST" name="after" finished-at="2023-07-16T20:14:14 IST" duration-ms="0" status="PASS">
          <reporter-output>
          </reporter-output>
        </test-method> <!-- after -->
        <test-method signature="method5()[pri:0, instance:maven_01.Testng_02@9353778]" started-at="2023-07-16T20:14:14 IST" name="method5" finished-at="2023-07-16T20:14:14 IST" duration-ms="1" status="PASS">
          <reporter-output>
          </reporter-output>
        </test-method> <!-- method5 -->
        <test-method is-config="true" signature="before()[pri:0, instance:maven_01.Testng_02@9353778]" started-at="2023-07-16T20:14:14 IST" name="before" finished-at="2023-07-16T20:14:14 IST" duration-ms="0" status="PASS">
          <reporter-output>
          </reporter-output>
        </test-method> <!-- before -->
        <test-method is-config="true" signature="after()[pri:0, instance:maven_01.Testng_02@9353778]" started-at="2023-07-16T20:14:14 IST" name="after" finished-at="2023-07-16T20:14:14 IST" duration-ms="1" status="PASS">
          <reporter-output>
          </reporter-output>
        </test-method> <!-- after -->
      </class> <!-- maven_01.Testng_02 -->
    </test> <!-- Surefire test -->
  </suite> <!-- Surefire suite -->
</testng-results>
