<?xml version="1.0" encoding="UTF-8"?>
<testng-results ignored="0" total="2" passed="2" failed="0" skipped="0">
  <reporter-output>
  </reporter-output>
  <suite started-at="2023-07-16T20:18:30 IST" name="Surefire suite" finished-at="2023-07-16T20:18:30 IST" duration-ms="52">
    <groups>
      <group name="Sanity">
        <method signature="AnnotationstenstNG.test1()[pri:0, instance:maven_01.AnnotationstenstNG@4ddced80]" name="test1" class="maven_01.AnnotationstenstNG"/>
      </group> <!-- Sanity -->
      <group name="Regression">
        <method signature="AnnotationstenstNG.test2()[pri:0, instance:maven_01.AnnotationstenstNG@4ddced80]" name="test2" class="maven_01.AnnotationstenstNG"/>
      </group> <!-- Regression -->
    </groups>
    <test started-at="2023-07-16T20:18:30 IST" name="Surefire test" finished-at="2023-07-16T20:18:30 IST" duration-ms="52">
      <class name="maven_01.AnnotationstenstNG">
        <test-method is-config="true" signature="bSuite()[pri:0, instance:maven_01.AnnotationstenstNG@4ddced80]" started-at="2023-07-16T20:18:30 IST" name="bSuite" finished-at="2023-07-16T20:18:30 IST" duration-ms="10" status="PASS">
          <reporter-output>
          </reporter-output>
        </test-method> <!-- bSuite -->
        <test-method is-config="true" signature="btest()[pri:0, instance:maven_01.AnnotationstenstNG@4ddced80]" started-at="2023-07-16T20:18:30 IST" name="btest" finished-at="2023-07-16T20:18:30 IST" duration-ms="0" status="PASS">
          <reporter-output>
          </reporter-output>
        </test-method> <!-- btest -->
        <test-method is-config="true" signature="bclass()[pri:0, instance:maven_01.AnnotationstenstNG@4ddced80]" started-at="2023-07-16T20:18:30 IST" name="bclass" finished-at="2023-07-16T20:18:30 IST" duration-ms="2" status="PASS">
          <reporter-output>
          </reporter-output>
        </test-method> <!-- bclass -->
        <test-method is-config="true" signature="beforeMethod()[pri:0, instance:maven_01.AnnotationstenstNG@4ddced80]" started-at="2023-07-16T20:18:30 IST" name="beforeMethod" finished-at="2023-07-16T20:18:30 IST" duration-ms="1" status="PASS">
          <reporter-output>
          </reporter-output>
        </test-method> <!-- beforeMethod -->
        <test-method signature="test1()[pri:0, instance:maven_01.AnnotationstenstNG@4ddced80]" started-at="2023-07-16T20:18:30 IST" name="test1" finished-at="2023-07-16T20:18:30 IST" duration-ms="3" status="PASS">
          <reporter-output>
          </reporter-output>
        </test-method> <!-- test1 -->
        <test-method is-config="true" signature="afterMethod()[pri:0, instance:maven_01.AnnotationstenstNG@4ddced80]" started-at="2023-07-16T20:18:30 IST" name="afterMethod" finished-at="2023-07-16T20:18:30 IST" duration-ms="1" status="PASS">
          <reporter-output>
          </reporter-output>
        </test-method> <!-- afterMethod -->
        <test-method is-config="true" signature="beforeMethod()[pri:0, instance:maven_01.AnnotationstenstNG@4ddced80]" started-at="2023-07-16T20:18:30 IST" name="beforeMethod" finished-at="2023-07-16T20:18:30 IST" duration-ms="2" status="PASS">
          <reporter-output>
          </reporter-output>
        </test-method> <!-- beforeMethod -->
        <test-method signature="test2()[pri:0, instance:maven_01.AnnotationstenstNG@4ddced80]" started-at="2023-07-16T20:18:30 IST" name="test2" finished-at="2023-07-16T20:18:30 IST" duration-ms="0" status="PASS">
          <reporter-output>
          </reporter-output>
        </test-method> <!-- test2 -->
        <test-method is-config="true" signature="afterMethod()[pri:0, instance:maven_01.AnnotationstenstNG@4ddced80]" started-at="2023-07-16T20:18:30 IST" name="afterMethod" finished-at="2023-07-16T20:18:30 IST" duration-ms="0" status="PASS">
          <reporter-output>
          </reporter-output>
        </test-method> <!-- afterMethod -->
        <test-method is-config="true" signature="aclass()[pri:0, instance:maven_01.AnnotationstenstNG@4ddced80]" started-at="2023-07-16T20:18:30 IST" name="aclass" finished-at="2023-07-16T20:18:30 IST" duration-ms="1" status="PASS">
          <reporter-output>
          </reporter-output>
        </test-method> <!-- aclass -->
        <test-method is-config="true" signature="atest()[pri:0, instance:maven_01.AnnotationstenstNG@4ddced80]" started-at="2023-07-16T20:18:30 IST" name="atest" finished-at="2023-07-16T20:18:30 IST" duration-ms="1" status="PASS">
          <reporter-output>
          </reporter-output>
        </test-method> <!-- atest -->
        <test-method is-config="true" signature="aSuite()[pri:0, instance:maven_01.AnnotationstenstNG@4ddced80]" started-at="2023-07-16T20:18:30 IST" name="aSuite" finished-at="2023-07-16T20:18:30 IST" duration-ms="0" status="PASS">
          <reporter-output>
          </reporter-output>
        </test-method> <!-- aSuite -->
      </class> <!-- maven_01.AnnotationstenstNG -->
    </test> <!-- Surefire test -->
  </suite> <!-- Surefire suite -->
</testng-results>
