<?xml version="1.0" encoding="UTF-8"?>
<testng-results ignored="16" total="20" passed="4" failed="0" skipped="0">
  <reporter-output>
  </reporter-output>
  <suite started-at="2023-07-14T08:45:41 IST" name="Suite" finished-at="2023-07-14T08:45:52 IST" duration-ms="10868">
    <groups>
      <group name="Regression">
        <method signature="AnnotationstenstNG.test2()[pri:0, instance:maven_01.AnnotationstenstNG@4a83a74a]" name="test2" class="maven_01.AnnotationstenstNG"/>
        <method signature="Parameter.Parameter01()[pri:1, instance:maven_01.Parameter@79e4c792]" name="Parameter01" class="maven_01.Parameter"/>
        <method signature="Class_01.close()[pri:2, instance:maven_01.Class_01@4c60d6e9]" name="close" class="maven_01.Class_01"/>
        <method signature="Parameter.enterDetails(java.lang.String,java.lang.String)[pri:2, instance:maven_01.Parameter@79e4c792]" name="enterDetails" class="maven_01.Parameter"/>
      </group> <!-- Regression -->
    </groups>
    <test started-at="2023-07-14T08:45:41 IST" name="Test" finished-at="2023-07-14T08:45:52 IST" duration-ms="10868">
      <class name="maven_01.Class_01">
        <test-method signature="close()[pri:2, instance:maven_01.Class_01@4c60d6e9]" started-at="2023-07-14T08:45:41 IST" name="close" finished-at="2023-07-14T08:45:41 IST" duration-ms="6" status="PASS">
          <reporter-output>
          </reporter-output>
        </test-method> <!-- close -->
      </class> <!-- maven_01.Class_01 -->
      <class name="maven_01.Parameter">
        <test-method is-config="true" signature="max()[pri:0, instance:maven_01.Parameter@79e4c792]" started-at="2023-07-14T08:45:41 IST" name="max" finished-at="2023-07-14T08:45:46 IST" duration-ms="4461" status="PASS">
          <reporter-output>
          </reporter-output>
        </test-method> <!-- max -->
        <test-method signature="Parameter01()[pri:1, instance:maven_01.Parameter@79e4c792]" started-at="2023-07-14T08:45:46 IST" name="Parameter01" finished-at="2023-07-14T08:45:47 IST" duration-ms="687" status="PASS">
          <reporter-output>
          </reporter-output>
        </test-method> <!-- Parameter01 -->
        <test-method signature="enterDetails(java.lang.String,java.lang.String)[pri:2, instance:maven_01.Parameter@79e4c792]" started-at="2023-07-14T08:45:47 IST" name="enterDetails" finished-at="2023-07-14T08:45:49 IST" duration-ms="2406" status="PASS">
          <params>
            <param index="0">
              <value>
                <![CDATA[standard_user]]>
              </value>
            </param>
            <param index="1">
              <value>
                <![CDATA[secret_sauce]]>
              </value>
            </param>
          </params>
          <reporter-output>
          </reporter-output>
        </test-method> <!-- enterDetails -->
        <test-method is-config="true" signature="close()[pri:0, instance:maven_01.Parameter@79e4c792]" started-at="2023-07-14T08:45:49 IST" name="close" finished-at="2023-07-14T08:45:52 IST" duration-ms="3264" status="PASS">
          <reporter-output>
          </reporter-output>
        </test-method> <!-- close -->
      </class> <!-- maven_01.Parameter -->
      <class name="maven_01.AnnotationstenstNG">
        <test-method signature="test2()[pri:0, instance:maven_01.AnnotationstenstNG@4a83a74a]" started-at="2023-07-14T08:45:41 IST" name="test2" finished-at="2023-07-14T08:45:41 IST" duration-ms="9" status="PASS">
          <reporter-output>
          </reporter-output>
        </test-method> <!-- test2 -->
      </class> <!-- maven_01.AnnotationstenstNG -->
    </test> <!-- Test -->
  </suite> <!-- Suite -->
</testng-results>
